Change Component Designator: OldDesignator=C? NewDesignator=C2
Change Component Designator: OldDesignator=C? NewDesignator=C4
Change Component Designator: OldDesignator=C? NewDesignator=C6
Change Component Designator: OldDesignator=C? NewDesignator=C7
Change Component Designator: OldDesignator=C? NewDesignator=C8
Change Component Designator: OldDesignator=C? NewDesignator=C9
Change Component Designator: OldDesignator=R? NewDesignator=R5
Change Component Designator: OldDesignator=R? NewDesignator=R6
Change Component Designator: OldDesignator=R? NewDesignator=R7
Change Component Designator: OldDesignator=U? NewDesignator=U4
Change Component Designator: OldDesignator=U? NewDesignator=U5
Change Net Name : Old Net Name=NetC?_1 New Net Name=NetC2_1
Change Net Name : Old Net Name=NetC?_2 New Net Name=NetC6_2
Change Net Name : Old Net Name=NetR?_2 New Net Name=NetR7_2
Change Net Name : Old Net Name=NetU?_6 New Net Name=NetU4_6
Change Net Name : Old Net Name=NetU?_7 New Net Name=NetU4_7
Change Net Name : Old Net Name=NetU?_12 New Net Name=NetU4_12
Added Pin To Net: NetName=NetC9_2 Pin=C9-2
Added Pin To Net: NetName=NetC9_2 Pin=U4-11
Added Net: Name=NetC9_2
Added Pin To Net: NetName=NetR5_2 Pin=R5-2
Added Pin To Net: NetName=NetR5_2 Pin=U4-23
Added Net: Name=NetR5_2
Added Pin To Net: NetName=NetR6_2 Pin=R6-2
Added Pin To Net: NetName=NetR6_2 Pin=U4-24
Added Net: Name=NetR6_2
Added Member To Class: ClassName=Gyro Accel Temp MPU6050 Member=Component C2 1u
Added Member To Class: ClassName=Gyro Accel Temp MPU6050 Member=Component C4 1u
Added Member To Class: ClassName=Gyro Accel Temp MPU6050 Member=Component C6 0.1u
Added Member To Class: ClassName=Gyro Accel Temp MPU6050 Member=Component C7 0.1u
Added Member To Class: ClassName=Gyro Accel Temp MPU6050 Member=Component C9 0.1u
Added Member To Class: ClassName=Gyro Accel Temp MPU6050 Member=Component R6 4.7K
Added Member To Class: ClassName=Gyro Accel Temp MPU6050 Member=Component R7 4.7K
Added Member To Class: ClassName=Gyro Accel Temp MPU6050 Member=Component U5 LM3940IMP-3.3/NOPB
